生成启动时间为 2018/5/22 9:04:08。
     1>项目“E:\Documents\TIAN\personal materials\2018 SPRING\Map Algebra\TGProgram1\Program1\Program1.vcxproj”在节点 2 上(build 个目标)。
     1>InitializeBuildStatus:
         正在创建“Debug\TGProgram1.unsuccessfulbuild”，因为已指定“AlwaysCreate”。
       ClCompile:
         所有输出均为最新。
         e:\tools\visual studio\VC\bin\CL.exe /c /ZI /nologo /W3 /WX- /Od /Oy- /D WIN32 /D _DEBUG /D _CONSOLE /D _UNICODE /D UNICODE /Gm /EHsc /RTC1 /MDd /GS /fp:precise /Zc:wchar_t /Zc:forScope /Yu"StdAfx.h" /Fp"Debug\TGProgram1.pch" /Fo"Debug\\" /Fd"Debug\vc100.pdb" /Gd /TP /analyze- /errorReport:prompt main.cpp
         main.cpp
     1>e:\documents\tian\personal materials\2018 spring\map algebra\tgprogram1\program1\template.h(34): warning C4244: “初始化”: 从“int”转换到“float”，可能丢失数据
     1>e:\documents\tian\personal materials\2018 spring\map algebra\tgprogram1\program1\template.h(35): warning C4244: “初始化”: 从“int”转换到“float”，可能丢失数据
         所有输出均为最新。
       ManifestResourceCompile:
         所有输出均为最新。
       Link:
         e:\tools\visual studio\VC\bin\link.exe /ERRORREPORT:PROMPT /OUT:"E:\Documents\TIAN\personal materials\2018 SPRING\Map Algebra\TGProgram1\Debug\TGProgram1.exe" /INCREMENTAL /NOLOGO kernel32.lib user32.lib gdi32.lib winspool.lib comdlg32.lib advapi32.lib shell32.lib ole32.lib oleaut32.lib uuid.lib odbc32.lib odbccp32.lib /MANIFEST /ManifestFile:"Debug\TGProgram1.exe.intermediate.manifest" /MANIFESTUAC:"level='asInvoker' uiAccess='false'" /DEBUG /PDB:"E:\Documents\TIAN\personal materials\2018 SPRING\Map Algebra\TGProgram1\Debug\TGProgram1.pdb" /SUBSYSTEM:CONSOLE /TLBID:1 /DYNAMICBASE /NXCOMPAT /IMPLIB:"E:\Documents\TIAN\personal materials\2018 SPRING\Map Algebra\TGProgram1\Debug\TGProgram1.lib" /MACHINE:X86 Debug\TGProgram1.exe.embed.manifest.res
         Debug\BMPPoint.obj
         Debug\main.obj
         Debug\Picture.obj
         Debug\stdafx.obj
         Debug\Template.obj
       Manifest:
         C:\Program Files (x86)\Microsoft SDKs\Windows\v7.0A\bin\mt.exe /nologo /verbose /out:"Debug\TGProgram1.exe.embed.manifest" /manifest Debug\TGProgram1.exe.intermediate.manifest
         所有输出均为最新。
       LinkEmbedManifest:
         所有输出均为最新。
         Program1.vcxproj -> E:\Documents\TIAN\personal materials\2018 SPRING\Map Algebra\TGProgram1\Debug\TGProgram1.exe
       FinalizeBuildStatus:
         正在删除文件“Debug\TGProgram1.unsuccessfulbuild”。
         正在对“Debug\TGProgram1.lastbuildstate”执行 Touch 任务。
     1>已完成生成项目“E:\Documents\TIAN\personal materials\2018 SPRING\Map Algebra\TGProgram1\Program1\Program1.vcxproj”(build 个目标)的操作。

生成成功。

已用时间 00:00:01.31
